<?xml version="1.0" encoding="UTF-8"?>
<testsuite name="SimpleBankSystemTest" tests="1" skipped="1" failures="0" errors="0" timestamp="2025-05-21T14:22:19" hostname="MacBook-Pro-von-Bilgekaan.local" time="0.436">
  <properties/>
  <testcase name="start" classname="SimpleBankSystemTest" time="0.436">
    <skipped/>
  </testcase>
  <system-out><![CDATA[?[1;31m
Start test 1?[0m
1. Create an account
2. Log into account
0. Exit
> 1
Your card has been created
Your card number:
4000003292006042
Your card PIN:
0584
1. Create an account
2. Log into account
0. Exit
> 1
Your card has been created
Your card number:
4000006089762057
Your card PIN:
6473
1. Create an account
2. Log into account
0. Exit
> 0
Bye!
]]></system-out>
  <system-err><![CDATA[]]></system-err>
</testsuite>
