<?xml version="1.0" encoding="UTF-8"?>
<testsuite name="SimpleBankSystemTest" tests="1" skipped="1" failures="0" errors="0" timestamp="2025-05-29T14:39:11" hostname="MacBook-Pro-von-Bilgekaan-2.fritz.box" time="0.651">
  <properties/>
  <testcase name="start" classname="SimpleBankSystemTest" time="0.651">
    <skipped/>
  </testcase>
  <system-out><![CDATA[?[1;31m
Start test 1?[0m
1. Create an account
2. Log into account
0. Exit
> 0
Bye!
]]></system-out>
  <system-err><![CDATA[]]></system-err>
</testsuite>
